<?xml version="1.0" encoding="UTF-8"?>
<!-- Generated by org.testng.reporters.JUnitXMLReporter -->
<testsuite ignored="0" hostname="LAPTOP-QS489F9U" failures="0" tests="4" name="Default test" time="4.333" errors="0" timestamp="2021-05-10T16:25:52 IST">
  <testcase classname="WeatherMap_API.WeatherMap.WeatherAPIGetRequests" name="apiGetByCircle" time="2.957"/>
  <testcase classname="WeatherMap_API.WeatherMap.WeatherAPIGetRequests" name="apiGetByCircleResponse" time="0.988"/>
  <testcase classname="WeatherMap_API.WeatherMap.WeatherAPIGetRequests" name="apiGetByRectangleZone" time="0.141"/>
  <testcase classname="WeatherMap_API.WeatherMap.WeatherAPIGetRequests" name="apiResponseTime" time="0.124"/>
</testsuite> <!-- Default test -->
