<?xml version="1.0" encoding="UTF-8"?>
<testng-results ignored="0" total="4" passed="4" failed="0" skipped="0">
  <reporter-output>
  </reporter-output>
  <suite started-at="2021-05-10T16:25:47 IST" name="Default suite" finished-at="2021-05-10T16:25:52 IST" duration-ms="4333">
    <groups>
    </groups>
    <test started-at="2021-05-10T16:25:47 IST" name="Default test" finished-at="2021-05-10T16:25:52 IST" duration-ms="4333">
      <class name="WeatherMap_API.WeatherMap.WeatherAPIGetRequests">
        <test-method signature="apiGetByCircle()[pri:0, instance:WeatherMap_API.WeatherMap.WeatherAPIGetRequests@76908cc0]" started-at="2021-05-10T16:25:48 IST" name="apiGetByCircle" finished-at="2021-05-10T16:25:50 IST" duration-ms="2957" status="PASS">
          <reporter-output>
          </reporter-output>
        </test-method> <!-- apiGetByCircle -->
        <test-method signature="apiGetByCircleResponse()[pri:0, instance:WeatherMap_API.WeatherMap.WeatherAPIGetRequests@76908cc0]" started-at="2021-05-10T16:25:50 IST" name="apiGetByCircleResponse" finished-at="2021-05-10T16:25:51 IST" duration-ms="988" status="PASS">
          <reporter-output>
          </reporter-output>
        </test-method> <!-- apiGetByCircleResponse -->
        <test-method signature="apiGetByRectangleZone()[pri:0, instance:WeatherMap_API.WeatherMap.WeatherAPIGetRequests@76908cc0]" started-at="2021-05-10T16:25:51 IST" name="apiGetByRectangleZone" finished-at="2021-05-10T16:25:52 IST" duration-ms="141" status="PASS">
          <reporter-output>
          </reporter-output>
        </test-method> <!-- apiGetByRectangleZone -->
        <test-method signature="apiResponseTime()[pri:0, instance:WeatherMap_API.WeatherMap.WeatherAPIGetRequests@76908cc0]" started-at="2021-05-10T16:25:52 IST" name="apiResponseTime" finished-at="2021-05-10T16:25:52 IST" duration-ms="124" status="PASS">
          <reporter-output>
          </reporter-output>
        </test-method> <!-- apiResponseTime -->
      </class> <!-- WeatherMap_API.WeatherMap.WeatherAPIGetRequests -->
    </test> <!-- Default test -->
  </suite> <!-- Default suite -->
</testng-results>
