<?xml version="1.0" encoding="UTF-8"?>
<testng-results ignored="0" total="1" passed="1" failed="0" skipped="0">
  <reporter-output>
  </reporter-output>
  <suite started-at="2021-05-11T13:35:41 IST" name="Default suite" finished-at="2021-05-11T13:36:06 IST" duration-ms="25337">
    <groups>
    </groups>
    <test started-at="2021-05-11T13:35:41 IST" name="Default test" finished-at="2021-05-11T13:36:06 IST" duration-ms="25337">
      <class name="com.Test.FlightTest">
        <test-method is-config="true" signature="setUp()[pri:0, instance:com.Test.FlightTest@3d121db3]" started-at="2021-05-11T13:35:41 IST" name="setUp" finished-at="2021-05-11T13:36:01 IST" duration-ms="20024" status="PASS">
          <reporter-output>
          </reporter-output>
        </test-method> <!-- setUp -->
        <test-method signature="booking()[pri:0, instance:com.Test.FlightTest@3d121db3]" started-at="2021-05-11T13:36:01 IST" name="booking" finished-at="2021-05-11T13:36:06 IST" duration-ms="4663" status="PASS">
          <reporter-output>
          </reporter-output>
        </test-method> <!-- booking -->
        <test-method is-config="true" signature="tearDown()[pri:0, instance:com.Test.FlightTest@3d121db3]" started-at="2021-05-11T13:36:06 IST" name="tearDown" finished-at="2021-05-11T13:36:06 IST" duration-ms="540" status="PASS">
          <reporter-output>
          </reporter-output>
        </test-method> <!-- tearDown -->
      </class> <!-- com.Test.FlightTest -->
    </test> <!-- Default test -->
  </suite> <!-- Default suite -->
</testng-results>
