<?xml version="1.0" encoding="UTF-8"?>
<testng-results ignored="0" total="1" passed="1" failed="0" skipped="0">
  <reporter-output>
  </reporter-output>
  <suite started-at="2021-05-10T16:30:17 IST" name="Default suite" finished-at="2021-05-10T16:30:56 IST" duration-ms="38591">
    <groups>
    </groups>
    <test started-at="2021-05-10T16:30:17 IST" name="Default test" finished-at="2021-05-10T16:30:56 IST" duration-ms="38591">
      <class name="com.Test.FlightTest">
        <test-method is-config="true" signature="setUp()[pri:0, instance:com.Test.FlightTest@3d121db3]" started-at="2021-05-10T16:30:17 IST" name="setUp" finished-at="2021-05-10T16:30:49 IST" duration-ms="31823" status="PASS">
          <reporter-output>
          </reporter-output>
        </test-method> <!-- setUp -->
        <test-method signature="add()[pri:0, instance:com.Test.FlightTest@3d121db3]" started-at="2021-05-10T16:30:49 IST" name="add" finished-at="2021-05-10T16:30:55 IST" duration-ms="6615" status="PASS">
          <reporter-output>
          </reporter-output>
        </test-method> <!-- add -->
        <test-method is-config="true" signature="tearDown()[pri:0, instance:com.Test.FlightTest@3d121db3]" started-at="2021-05-10T16:30:56 IST" name="tearDown" finished-at="2021-05-10T16:30:56 IST" duration-ms="0" status="PASS">
          <reporter-output>
          </reporter-output>
        </test-method> <!-- tearDown -->
      </class> <!-- com.Test.FlightTest -->
    </test> <!-- Default test -->
  </suite> <!-- Default suite -->
</testng-results>
